<?xml version="1.0" encoding="UTF-8"?>
<!-- Generated by org.testng.reporters.JUnitReportReporter -->
<testsuite hostname="LAPTOP-L5FSS2HP" name="apiRestAssuredTest" tests="2" failures="0" timestamp="10 Jun 2021 12:04:31 GMT" time="5.731" errors="0">
  <testcase name="apitest2" time="2.362" classname="apiRestAssuredTest"/>
  <testcase name="apitest" time="3.369" classname="apiRestAssuredTest"/>
</testsuite> <!-- apiRestAssuredTest -->
